c:\users\gjiang\documents\leapdeveloperkit_2.3.1+31549_win\leapsdk\samples\debug\vc120.pdb
c:\users\gjiang\documents\leapdeveloperkit_2.3.1+31549_win\leapsdk\samples\debug\vc120.idb
c:\users\gjiang\documents\leapdeveloperkit_2.3.1+31549_win\leapsdk\samples\debug\sample.obj
c:\users\gjiang\documents\leapdeveloperkit_2.3.1+31549_win\leapsdk\samples\debug\newsample.obj
c:\users\gjiang\documents\jacoleapparent\jacoleapsample\debug\vc120.pdb
c:\users\gjiang\documents\jacoleapparent\jacoleapsample\debug\vc120.idb
c:\users\gjiang\documents\jacoleapparent\jacoleapsample\debug\newsample.obj
c:\users\gjiang\documents\jacoleapparent\jacoleapsample\debug\leaptrack.obj
c:\users\gjiang\documents\jacoleapparent\jacoleapsample\debug\jacocontrol.obj
c:\users\gjiang\documents\leapdeveloperkit_2.3.1+31549_win\leapsdk\samples\debug\sample.ilk
c:\users\gjiang\documents\leapdeveloperkit_2.3.1+31549_win\leapsdk\samples\debug\sample.exe
c:\users\gjiang\documents\leapdeveloperkit_2.3.1+31549_win\leapsdk\samples\debug\sample.pdb
c:\users\gjiang\documents\jacoleapparent\jacoleapsample\debug\sample.ilk
c:\users\gjiang\documents\jacoleapparent\jacoleapsample\debug\sample.exe
c:\users\gjiang\documents\jacoleapparent\jacoleapsample\debug\sample.pdb
c:\users\gjiang\documents\jacoleapparent\jacoleapsample\debug\sample.obj
c:\users\gjiang\documents\jacoleapparent\jacoleapsample\debug\samplevs2012.tlog\cl.command.1.tlog
c:\users\gjiang\documents\jacoleapparent\jacoleapsample\debug\samplevs2012.tlog\cl.read.1.tlog
c:\users\gjiang\documents\jacoleapparent\jacoleapsample\debug\samplevs2012.tlog\cl.write.1.tlog
c:\users\gjiang\documents\jacoleapparent\jacoleapsample\debug\samplevs2012.tlog\link.command.1.tlog
c:\users\gjiang\documents\jacoleapparent\jacoleapsample\debug\samplevs2012.tlog\link.read.1.tlog
c:\users\gjiang\documents\jacoleapparent\jacoleapsample\debug\samplevs2012.tlog\link.write.1.tlog
